Determining if the pthread_create exist failed with the following output:
Change Dir: /home/rmw/Documents/git/PPP-BayesTree/trunk/build/CMakeFiles/CMakeTmp

Run Build Command:"/usr/bin/make" "cmTC_16c56/fast"
/usr/bin/make -f CMakeFiles/cmTC_16c56.dir/build.make CMakeFiles/cmTC_16c56.dir/build
make[1]: Entering directory '/home/rmw/Documents/git/PPP-BayesTree/trunk/build/CMakeFiles/CMakeTmp'
Building C object CMakeFiles/cmTC_16c56.dir/CheckSymbolExists.c.o
/usr/bin/cc    -std=c11   -Wall    -o CMakeFiles/cmTC_16c56.dir/CheckSymbolExists.c.o   -c /home/rmw/Documents/git/PPP-BayesTree/trunk/build/CMakeFiles/CMakeTmp/CheckSymbolExists.c
Linking C executable cmTC_16c56
/usr/bin/cmake -E cmake_link_script CMakeFiles/cmTC_16c56.dir/link.txt --verbose=1
/usr/bin/cc   -std=c11   -Wall     CMakeFiles/cmTC_16c56.dir/CheckSymbolExists.c.o  -o cmTC_16c56 -rdynamic 
CMakeFiles/cmTC_16c56.dir/CheckSymbolExists.c.o: In function `main':
CheckSymbolExists.c:(.text+0x16): undefined reference to `pthread_create'
collect2: error: ld returned 1 exit status
CMakeFiles/cmTC_16c56.dir/build.make:97: recipe for target 'cmTC_16c56' failed
make[1]: *** [cmTC_16c56] Error 1
make[1]: Leaving directory '/home/rmw/Documents/git/PPP-BayesTree/trunk/build/CMakeFiles/CMakeTmp'
Makefile:126: recipe for target 'cmTC_16c56/fast' failed
make: *** [cmTC_16c56/fast] Error 2

File /home/rmw/Documents/git/PPP-BayesTree/trunk/build/CMakeFiles/CMakeTmp/CheckSymbolExists.c:
/* */
#include <pthread.h>

int main(int argc, char** argv)
{
  (void)argv;
#ifndef pthread_create
  return ((int*)(&pthread_create))[argc];
#else
  (void)argc;
  return 0;
#endif
}

Determining if the function pthread_create exists in the pthreads failed with the following output:
Change Dir: /home/rmw/Documents/git/PPP-BayesTree/trunk/build/CMakeFiles/CMakeTmp

Run Build Command:"/usr/bin/make" "cmTC_e0bce/fast"
/usr/bin/make -f CMakeFiles/cmTC_e0bce.dir/build.make CMakeFiles/cmTC_e0bce.dir/build
make[1]: Entering directory '/home/rmw/Documents/git/PPP-BayesTree/trunk/build/CMakeFiles/CMakeTmp'
Building C object CMakeFiles/cmTC_e0bce.dir/CheckFunctionExists.c.o
/usr/bin/cc    -std=c11   -Wall -DCHECK_FUNCTION_EXISTS=pthread_create   -o CMakeFiles/cmTC_e0bce.dir/CheckFunctionExists.c.o   -c /usr/share/cmake-3.5/Modules/CheckFunctionExists.c
Linking C executable cmTC_e0bce
/usr/bin/cmake -E cmake_link_script CMakeFiles/cmTC_e0bce.dir/link.txt --verbose=1
/usr/bin/cc   -std=c11   -Wall -DCHECK_FUNCTION_EXISTS=pthread_create    CMakeFiles/cmTC_e0bce.dir/CheckFunctionExists.c.o  -o cmTC_e0bce -rdynamic -lpthreads 
/usr/bin/ld: cannot find -lpthreads
collect2: error: ld returned 1 exit status
CMakeFiles/cmTC_e0bce.dir/build.make:97: recipe for target 'cmTC_e0bce' failed
make[1]: *** [cmTC_e0bce] Error 1
make[1]: Leaving directory '/home/rmw/Documents/git/PPP-BayesTree/trunk/build/CMakeFiles/CMakeTmp'
Makefile:126: recipe for target 'cmTC_e0bce/fast' failed
make: *** [cmTC_e0bce/fast] Error 2


